Using pre-set license
Built from '2021.3/staging' branch; Version is '2021.3.22f1 (b6c551784ba3) revision 11978065'; Using compiler version '192829333'; Build Type 'Release'
OS: 'Windows 10  (10.0.19045) 64bit Professional' Language: 'en' Physical Memory: 16139 MB
BatchMode: 1, IsHumanControllingUs: 0, StartBugReporterOnCrash: 0, Is64bit: 1, IsPro: 1

COMMAND LINE ARGUMENTS:
D:\Softwares\Unity\2021.3.22f1\Editor\Unity.exe
-adb2
-batchMode
-noUpm
-name
AssetImportWorker2
-projectPath
D:/Projects/Unity Projects/CatGame
-logFile
Logs/AssetImportWorker2.log
-srvPort
49896
Successfully changed project path to: D:/Projects/Unity Projects/CatGame
D:/Projects/Unity Projects/CatGame
[UnityMemory] Configuration Parameters - Can be set up in boot.config
    "memorysetup-bucket-allocator-granularity=16"
    "memorysetup-bucket-allocator-bucket-count=8"
    "memorysetup-bucket-allocator-block-size=33554432"
    "memorysetup-bucket-allocator-block-count=8"
    "memorysetup-main-allocator-block-size=16777216"
    "memorysetup-thread-allocator-block-size=16777216"
    "memorysetup-gfx-main-allocator-block-size=16777216"
    "memorysetup-gfx-thread-allocator-block-size=16777216"
    "memorysetup-cache-allocator-block-size=4194304"
    "memorysetup-typetree-allocator-block-size=2097152"
    "memorysetup-profiler-bucket-allocator-granularity=16"
    "memorysetup-profiler-bucket-allocator-bucket-count=8"
    "memorysetup-profiler-bucket-allocator-block-size=33554432"
    "memorysetup-profiler-bucket-allocator-block-count=8"
    "memorysetup-profiler-allocator-block-size=16777216"
    "memorysetup-profiler-editor-allocator-block-size=1048576"
    "memorysetup-temp-allocator-size-main=16777216"
    "memorysetup-job-temp-allocator-block-size=2097152"
    "memorysetup-job-temp-allocator-block-size-background=1048576"
    "memorysetup-job-temp-allocator-reduction-small-platforms=262144"
    "memorysetup-temp-allocator-size-background-worker=32768"
    "memorysetup-temp-allocator-size-job-worker=262144"
    "memorysetup-temp-allocator-size-preload-manager=33554432"
    "memorysetup-temp-allocator-size-nav-mesh-worker=65536"
    "memorysetup-temp-allocator-size-audio-worker=65536"
    "memorysetup-temp-allocator-size-cloud-worker=32768"
    "memorysetup-temp-allocator-size-gi-baking-worker=262144"
    "memorysetup-temp-allocator-size-gfx=262144"
Player connection [16980] Host "[IP] 192.168.1.25 [Port] 0 [Flags] 2 [Guid] 170210757 [EditorId] 170210757 [Version] 1048832 [Id] WindowsEditor(7,DESKTOP-VI6RH9K) [Debug] 1 [PackageName] WindowsEditor [ProjectName] Editor" joined multi-casting on [225.0.0.222:54997]...

Player connection [16980] Host "[IP] 192.168.1.25 [Port] 0 [Flags] 2 [Guid] 170210757 [EditorId] 170210757 [Version] 1048832 [Id] WindowsEditor(7,DESKTOP-VI6RH9K) [Debug] 1 [PackageName] WindowsEditor [ProjectName] Editor" joined alternative multi-casting on [225.0.0.222:34997]...

Refreshing native plugins compatible for Editor in 61.12 ms, found 3 plugins.
Preloading 0 native plugins for Editor in 0.00 ms.
Initialize engine version: 2021.3.22f1 (b6c551784ba3)
[Subsystems] Discovering subsystems at path D:/Softwares/Unity/2021.3.22f1/Editor/Data/Resources/UnitySubsystems
[Subsystems] Discovering subsystems at path D:/Projects/Unity Projects/CatGame/Assets
GfxDevice: creating device client; threaded=0; jobified=0
Direct3D:
    Version:  Direct3D 11.0 [level 11.1]
    Renderer: NVIDIA GeForce RTX 2070 Super (ID=0x1ed1)
    Vendor:   NVIDIA
    VRAM:     8012 MB
    Driver:   30.0.15.1298
Initialize mono
Mono path[0] = 'D:/Softwares/Unity/2021.3.22f1/Editor/Data/Managed'
Mono path[1] = 'D:/Softwares/Unity/2021.3.22f1/Editor/Data/MonoBleedingEdge/lib/mono/unityjit-win32'
Mono config path = 'D:/Softwares/Unity/2021.3.22f1/Editor/Data/MonoBleedingEdge/etc'
Using monoOptions --debugger-agent=transport=dt_socket,embedding=1,server=y,suspend=n,address=127.0.0.1:56380
Begin MonoManager ReloadAssembly
Registering precompiled unity dll's ...
Register platform support module: D:/Softwares/Unity/2021.3.22f1/Editor/Data/PlaybackEngines/WebGLSupport/UnityEditor.WebGL.Extensions.dll
Register platform support module: D:/Softwares/Unity/2021.3.22f1/Editor/Data/PlaybackEngines/WindowsStandaloneSupport/UnityEditor.WindowsStandalone.Extensions.dll
Registered in 0.002532 seconds.
Native extension for WindowsStandalone target not found
Native extension for WebGL target not found
Refreshing native plugins compatible for Editor in 60.16 ms, found 3 plugins.
Preloading 0 native plugins for Editor in 0.00 ms.
Mono: successfully reloaded assembly
- Completed reload, in  0.500 seconds
Domain Reload Profiling:
	ReloadAssembly (500ms)
		BeginReloadAssembly (64ms)
			ExecutionOrderSort (0ms)
			DisableScriptedObjects (0ms)
			BackupInstance (0ms)
			ReleaseScriptingObjects (0ms)
			CreateAndSetChildDomain (1ms)
		EndReloadAssembly (362ms)
			LoadAssemblies (63ms)
			RebuildTransferFunctionScriptingTraits (0ms)
			SetupTypeCache (91ms)
			ReleaseScriptCaches (0ms)
			RebuildScriptCaches (24ms)
			SetupLoadedEditorAssemblies (208ms)
				LogAssemblyErrors (0ms)
				InitializePlatformSupportModulesInManaged (6ms)
				SetLoadedEditorAssemblies (0ms)
				RefreshPlugins (60ms)
				BeforeProcessingInitializeOnLoad (1ms)
				ProcessInitializeOnLoadAttributes (102ms)
				ProcessInitializeOnLoadMethodAttributes (37ms)
				AfterProcessingInitializeOnLoad (0ms)
				EditorAssembliesLoaded (0ms)
			ExecutionOrderSort2 (0ms)
			AwakeInstancesAfterBackupRestoration (0ms)
Platform modules already initialized, skipping
Registering precompiled user dll's ...
Registered in 0.002329 seconds.
Begin MonoManager ReloadAssembly
Symbol file LoadedFromMemory doesn't match image D:\Projects\Unity Projects\CatGame\Library\PackageCache\com.unity.visualscripting@1.8.0\Editor\VisualScripting.Core\Dependencies\YamlDotNet\Unity.VisualScripting.YamlDotNet.dll
Symbol file LoadedFromMemory doesn't match image D:\Projects\Unity Projects\CatGame\Library\PackageCache\com.unity.visualscripting@1.8.0\Editor\VisualScripting.Core\Dependencies\DotNetZip\Unity.VisualScripting.IonicZip.dll
Native extension for WindowsStandalone target not found
Native extension for WebGL target not found
Refreshing native plugins compatible for Editor in 0.43 ms, found 3 plugins.
Preloading 0 native plugins for Editor in 0.00 ms.
Mono: successfully reloaded assembly
- Completed reload, in  0.760 seconds
Domain Reload Profiling:
	ReloadAssembly (761ms)
		BeginReloadAssembly (91ms)
			ExecutionOrderSort (0ms)
			DisableScriptedObjects (5ms)
			BackupInstance (0ms)
			ReleaseScriptingObjects (0ms)
			CreateAndSetChildDomain (15ms)
		EndReloadAssembly (588ms)
			LoadAssemblies (62ms)
			RebuildTransferFunctionScriptingTraits (0ms)
			SetupTypeCache (181ms)
			ReleaseScriptCaches (0ms)
			RebuildScriptCaches (44ms)
			SetupLoadedEditorAssemblies (278ms)
				LogAssemblyErrors (0ms)
				InitializePlatformSupportModulesInManaged (4ms)
				SetLoadedEditorAssemblies (0ms)
				RefreshPlugins (0ms)
				BeforeProcessingInitializeOnLoad (59ms)
				ProcessInitializeOnLoadAttributes (193ms)
				ProcessInitializeOnLoadMethodAttributes (18ms)
				AfterProcessingInitializeOnLoad (3ms)
				EditorAssembliesLoaded (0ms)
			ExecutionOrderSort2 (0ms)
			AwakeInstancesAfterBackupRestoration (5ms)
Platform modules already initialized, skipping
========================================================================
Worker process is ready to serve import requests
Launched and connected shader compiler UnityShaderCompiler.exe after 0.03 seconds
Refreshing native plugins compatible for Editor in 0.84 ms, found 3 plugins.
Preloading 0 native plugins for Editor in 0.00 ms.
Unloading 3091 Unused Serialized files (Serialized files now loaded: 0)
Unloading 34 unused Assets / (121.2 KB). Loaded Objects now: 3555.
Memory consumption went from 111.1 MB to 111.0 MB.
Total: 3.870600 ms (FindLiveObjects: 0.355500 ms CreateObjectMapping: 0.307400 ms MarkObjects: 3.119900 ms  DeleteObjects: 0.087100 ms)

AssetImportParameters requested are different than current active one (requested -> active):
  custom:video-decoder-ogg-theora: a1e56fd34408186e4bbccfd4996cb3dc -> 
  custom:container-muxer-webm: aa71ff27fc2769a1b78a27578f13a17b -> 
  custom:container-demuxer-webm: 4f35f7cbe854078d1ac9338744f61a02 -> 
  custom:video-encoder-webm-vp8: eb34c28f22e8b96e1ab97ce403110664 -> 
  custom:audio-encoder-webm-vorbis: bf7c407c2cedff20999df2af8eb42d56 -> 
  custom:framework-win-MediaFoundation: 216162199b28c13a410421893ffa2e32 -> 
  custom:container-demuxer-ogg: 62fdf1f143b41e24485cea50d1cbac27 -> 
  custom:video-decoder-webm-vp8: 9c59270c3fd7afecdb556c50c9e8de78 -> 
  custom:audio-decoder-ogg-vorbis: bf7c407c2cedff20999df2af8eb42d56 -> 
========================================================================
Received Import Request.
  Time since last request: 4728.469866 seconds.
  path: Assets/3D Files/Gieger Counter/Material
  artifactKey: Guid(0df345af927ace841827d6f901e6aa2a) Importer(815301076,1909f56bfc062723c751e8b465ee728b)
Start importing Assets/3D Files/Gieger Counter/Material using Guid(0df345af927ace841827d6f901e6aa2a) Importer(815301076,1909f56bfc062723c751e8b465ee728b)  -> (artifact id: '96c418ca7865a39fed471703c0b74770') in 0.009777 seconds 
========================================================================
Received Import Request.
  Time since last request: 14.128564 seconds.
  path: Assets/3D Files/Gieger Counter/Material/Gieger Counter.mat
  artifactKey: Guid(0555808e8e5ac4b4f852c660e4c5c084) Importer(815301076,1909f56bfc062723c751e8b465ee728b)
Start importing Assets/3D Files/Gieger Counter/Material/Gieger Counter.mat using Guid(0555808e8e5ac4b4f852c660e4c5c084) Importer(815301076,1909f56bfc062723c751e8b465ee728b)  -> (artifact id: 'fb848335349fba6fbf6199d9d4a78113') in 0.083592 seconds 
========================================================================
Received Import Request.
  Time since last request: 42.531433 seconds.
  path: Assets/3D Files/Gieger Counter/Texture/Gieger_LP_Final_02_-_Default_Normal.png
  artifactKey: Guid(2298350b7d7259e43a7ca5dbe3416e84) Importer(815301076,1909f56bfc062723c751e8b465ee728b)
Start importing Assets/3D Files/Gieger Counter/Texture/Gieger_LP_Final_02_-_Default_Normal.png using Guid(2298350b7d7259e43a7ca5dbe3416e84) Importer(815301076,1909f56bfc062723c751e8b465ee728b)  -> (artifact id: '05c9e367a2e2c2a7d617c51f7fb87525') in 0.030235 seconds 
========================================================================
Received Import Request.
  Time since last request: 114.255688 seconds.
  path: Assets/3D Files/Poison/BOTELLITA.obj
  artifactKey: Guid(1f2c49d6f27682c479a472a0b5cb68cf) Importer(815301076,1909f56bfc062723c751e8b465ee728b)
Start importing Assets/3D Files/Poison/BOTELLITA.obj using Guid(1f2c49d6f27682c479a472a0b5cb68cf) Importer(815301076,1909f56bfc062723c751e8b465ee728b)  -> (artifact id: 'dd64a8d69042baae1bc4bb41f0c1a086') in 0.122313 seconds 
========================================================================
Received Import Request.
  Time since last request: 15.487925 seconds.
  path: Assets/3D Files/Poison/Texture/etioqueta.png
  artifactKey: Guid(e9f45e099cf68fb4bab49261d1fdeff2) Importer(815301076,1909f56bfc062723c751e8b465ee728b)
Start importing Assets/3D Files/Poison/Texture/etioqueta.png using Guid(e9f45e099cf68fb4bab49261d1fdeff2) Importer(815301076,1909f56bfc062723c751e8b465ee728b)  -> (artifact id: '36bb12ed15d78777ce5dba3fb435994d') in 0.017929 seconds 
========================================================================
Received Import Request.
  Time since last request: 0.000016 seconds.
  path: Assets/3D Files/Poison/Texture/tapón_corcho.jpg
  artifactKey: Guid(69bdc5c2d7a440c498f834414ee71103) Importer(815301076,1909f56bfc062723c751e8b465ee728b)
Start importing Assets/3D Files/Poison/Texture/tapón_corcho.jpg using Guid(69bdc5c2d7a440c498f834414ee71103) Importer(815301076,1909f56bfc062723c751e8b465ee728b)  -> (artifact id: '8f947efbb78e05a2f52db74d00434f4a') in 0.011027 seconds 
========================================================================
Received Import Request.
  Time since last request: 19.589524 seconds.
  path: Assets/3D Files/Poison/Material/Poison Material.mat
  artifactKey: Guid(9455e6f48519df34794473b02f17b27f) Importer(815301076,1909f56bfc062723c751e8b465ee728b)
Start importing Assets/3D Files/Poison/Material/Poison Material.mat using Guid(9455e6f48519df34794473b02f17b27f) Importer(815301076,1909f56bfc062723c751e8b465ee728b)  -> (artifact id: 'e65e27f715bee30be3f93ec0f6424524') in 0.008042 seconds 
========================================================================
Received Import Request.
  Time since last request: 54.325454 seconds.
  path: Assets/3D Files/Poison/Material
  artifactKey: Guid(42737bbc9c7ff8a4e9c050c96089a90f) Importer(815301076,1909f56bfc062723c751e8b465ee728b)
Start importing Assets/3D Files/Poison/Material using Guid(42737bbc9c7ff8a4e9c050c96089a90f) Importer(815301076,1909f56bfc062723c751e8b465ee728b)  -> (artifact id: 'de75ee0dd240f001b34e56ac6e1c2129') in 0.001515 seconds 
========================================================================
Received Import Request.
  Time since last request: 476.774227 seconds.
  path: Assets/3D Files/Radioactive Frog/broken.fbx
  artifactKey: Guid(3e70d5b6c65806f469fd2fd1f91b42f2) Importer(815301076,1909f56bfc062723c751e8b465ee728b)
Start importing Assets/3D Files/Radioactive Frog/broken.fbx using Guid(3e70d5b6c65806f469fd2fd1f91b42f2) Importer(815301076,1909f56bfc062723c751e8b465ee728b)  -> (artifact id: '1807a118970d0bf32b64441fbe3db508') in 0.289214 seconds 
========================================================================
Received Import Request.
  Time since last request: 42.163982 seconds.
  path: Assets/3D Files/Radioactive Frog/Texture/broken_sculpt_default_BaseColor.png
  artifactKey: Guid(89d967c03c52f854e8ba901895b8f06c) Importer(815301076,1909f56bfc062723c751e8b465ee728b)
Start importing Assets/3D Files/Radioactive Frog/Texture/broken_sculpt_default_BaseColor.png using Guid(89d967c03c52f854e8ba901895b8f06c) Importer(815301076,1909f56bfc062723c751e8b465ee728b)  -> (artifact id: '131210dd57075e7302284ce3a546ec90') in 0.012399 seconds 
========================================================================
Received Import Request.
  Time since last request: 0.000018 seconds.
  path: Assets/3D Files/Radioactive Frog/Texture/broken_sculpt_default_Roughness.png
  artifactKey: Guid(7639a88757dfa4b41a138ba523d7b279) Importer(815301076,1909f56bfc062723c751e8b465ee728b)
Start importing Assets/3D Files/Radioactive Frog/Texture/broken_sculpt_default_Roughness.png using Guid(7639a88757dfa4b41a138ba523d7b279) Importer(815301076,1909f56bfc062723c751e8b465ee728b)  -> (artifact id: '45ca4a3212cbaa5fd12e8973e9574d9d') in 0.016817 seconds 
========================================================================
Received Import Request.
  Time since last request: 18.829711 seconds.
  path: Assets/3D Files/Radioactive Frog/Material/Radioactive Material.mat
  artifactKey: Guid(11b13a27558250b43a49ff2ae4e3c832) Importer(815301076,1909f56bfc062723c751e8b465ee728b)
Start importing Assets/3D Files/Radioactive Frog/Material/Radioactive Material.mat using Guid(11b13a27558250b43a49ff2ae4e3c832) Importer(815301076,1909f56bfc062723c751e8b465ee728b)  -> (artifact id: 'e3b101527830c202b2032c5eee3cc36b') in 0.008604 seconds 
========================================================================
Received Import Request.
  Time since last request: 64.812708 seconds.
  path: Assets/3D Files/Radioactive Frog/Texture/broken_sculpt_default_Normal.png
  artifactKey: Guid(fc78e9c67eebedb49b323bfdfc223e5c) Importer(815301076,1909f56bfc062723c751e8b465ee728b)
Start importing Assets/3D Files/Radioactive Frog/Texture/broken_sculpt_default_Normal.png using Guid(fc78e9c67eebedb49b323bfdfc223e5c) Importer(815301076,1909f56bfc062723c751e8b465ee728b)  -> (artifact id: 'f1a6ccc7c635ffa30e96f3d6d7f8297b') in 0.017156 seconds 
========================================================================
Received Import Request.
  Time since last request: 90.525947 seconds.
  path: Assets/3D Files/Radioactive Frog/Material/Radioactive Material.mat
  artifactKey: Guid(11b13a27558250b43a49ff2ae4e3c832) Importer(815301076,1909f56bfc062723c751e8b465ee728b)
Start importing Assets/3D Files/Radioactive Frog/Material/Radioactive Material.mat using Guid(11b13a27558250b43a49ff2ae4e3c832) Importer(815301076,1909f56bfc062723c751e8b465ee728b)  -> (artifact id: '3a2b6bf0aec7d8656529f8bf0524a3b2') in 0.213234 seconds 
========================================================================
Received Prepare
Registering precompiled user dll's ...
Registered in 0.003023 seconds.
Begin MonoManager ReloadAssembly
Symbol file LoadedFromMemory doesn't match image D:\Projects\Unity Projects\CatGame\Library\PackageCache\com.unity.visualscripting@1.8.0\Editor\VisualScripting.Core\Dependencies\YamlDotNet\Unity.VisualScripting.YamlDotNet.dll
Symbol file LoadedFromMemory doesn't match image D:\Projects\Unity Projects\CatGame\Library\PackageCache\com.unity.visualscripting@1.8.0\Editor\VisualScripting.Core\Dependencies\DotNetZip\Unity.VisualScripting.IonicZip.dll
Native extension for WindowsStandalone target not found
Native extension for WebGL target not found
Refreshing native plugins compatible for Editor in 0.50 ms, found 3 plugins.
Preloading 0 native plugins for Editor in 0.00 ms.
Mono: successfully reloaded assembly
- Completed reload, in  0.765 seconds
Domain Reload Profiling:
	ReloadAssembly (765ms)
		BeginReloadAssembly (108ms)
			ExecutionOrderSort (0ms)
			DisableScriptedObjects (4ms)
			BackupInstance (0ms)
			ReleaseScriptingObjects (0ms)
			CreateAndSetChildDomain (29ms)
		EndReloadAssembly (585ms)
			LoadAssemblies (66ms)
			RebuildTransferFunctionScriptingTraits (0ms)
			SetupTypeCache (199ms)
			ReleaseScriptCaches (1ms)
			RebuildScriptCaches (38ms)
			SetupLoadedEditorAssemblies (253ms)
				LogAssemblyErrors (0ms)
				InitializePlatformSupportModulesInManaged (4ms)
				SetLoadedEditorAssemblies (0ms)
				RefreshPlugins (1ms)
				BeforeProcessingInitializeOnLoad (46ms)
				ProcessInitializeOnLoadAttributes (181ms)
				ProcessInitializeOnLoadMethodAttributes (17ms)
				AfterProcessingInitializeOnLoad (3ms)
				EditorAssembliesLoaded (0ms)
			ExecutionOrderSort2 (0ms)
			AwakeInstancesAfterBackupRestoration (6ms)
Platform modules already initialized, skipping
Refreshing native plugins compatible for Editor in 1.46 ms, found 3 plugins.
Preloading 0 native plugins for Editor in 0.00 ms.
Unloading 3072 Unused Serialized files (Serialized files now loaded: 0)
Unloading 15 unused Assets / (95.4 KB). Loaded Objects now: 3619.
Memory consumption went from 114.7 MB to 114.6 MB.
Total: 2.565100 ms (FindLiveObjects: 0.250500 ms CreateObjectMapping: 0.191000 ms MarkObjects: 2.084300 ms  DeleteObjects: 0.038500 ms)

AssetImportParameters requested are different than current active one (requested -> active):
  custom:video-decoder-ogg-theora: a1e56fd34408186e4bbccfd4996cb3dc -> 
  custom:container-muxer-webm: aa71ff27fc2769a1b78a27578f13a17b -> 
  custom:container-demuxer-webm: 4f35f7cbe854078d1ac9338744f61a02 -> 
  custom:video-encoder-webm-vp8: eb34c28f22e8b96e1ab97ce403110664 -> 
  custom:audio-encoder-webm-vorbis: bf7c407c2cedff20999df2af8eb42d56 -> 
  custom:framework-win-MediaFoundation: 216162199b28c13a410421893ffa2e32 -> 
  custom:container-demuxer-ogg: 62fdf1f143b41e24485cea50d1cbac27 -> 
  custom:video-decoder-webm-vp8: 9c59270c3fd7afecdb556c50c9e8de78 -> 
  custom:audio-decoder-ogg-vorbis: bf7c407c2cedff20999df2af8eb42d56 -> 
========================================================================
Received Import Request.
  Time since last request: 150.529716 seconds.
  path: Assets/Textures/Radiation_warning_symbol.svg.png
  artifactKey: Guid(584be699aba73a244ac2075bce595e8f) Importer(815301076,1909f56bfc062723c751e8b465ee728b)
Start importing Assets/Textures/Radiation_warning_symbol.svg.png using Guid(584be699aba73a244ac2075bce595e8f) Importer(815301076,1909f56bfc062723c751e8b465ee728b)  -> (artifact id: '7f865663089c8ef1abd1ebf8b5292b74') in 0.036533 seconds 
========================================================================
Received Import Request.
  Time since last request: 7.167270 seconds.
  path: Assets/Textures
  artifactKey: Guid(d652e7d3b6aa82c47a62c691f8dce14b) Importer(815301076,1909f56bfc062723c751e8b465ee728b)
Start importing Assets/Textures using Guid(d652e7d3b6aa82c47a62c691f8dce14b) Importer(815301076,1909f56bfc062723c751e8b465ee728b)  -> (artifact id: 'dabd04ae8bdc2a744a5ec70661adc1cf') in 0.005042 seconds 
========================================================================
Received Import Request.
  Time since last request: 11.822581 seconds.
  path: Assets/Materials
  artifactKey: Guid(3919bde8278ea4444b99f2a29948de62) Importer(815301076,1909f56bfc062723c751e8b465ee728b)
Start importing Assets/Materials using Guid(3919bde8278ea4444b99f2a29948de62) Importer(815301076,1909f56bfc062723c751e8b465ee728b)  -> (artifact id: '27d5dde200126eb76d89b3bcc12cf1f8') in 0.005293 seconds 
========================================================================
Received Import Request.
  Time since last request: 11.147584 seconds.
  path: Assets/Materials/Radioactive.mat
  artifactKey: Guid(fb954714797b15d4ba6e528eaf33d603) Importer(815301076,1909f56bfc062723c751e8b465ee728b)
Start importing Assets/Materials/Radioactive.mat using Guid(fb954714797b15d4ba6e528eaf33d603) Importer(815301076,1909f56bfc062723c751e8b465ee728b)  -> (artifact id: '91cde2eab0e65d92614529d7143a1687') in 0.039702 seconds 
